<?xml version="1.0" encoding="UTF-8"?>
<testsuite name="TriangleTest" tests="5" skipped="0" failures="0" errors="0" timestamp="2020-06-05T14:26:01" hostname="WEIJA" time="0.004">
  <properties/>
  <testcase name="test" classname="TriangleTest" time="0.002"/>
  <testcase name="test2" classname="TriangleTest" time="0.001"/>
  <testcase name="test3" classname="TriangleTest" time="0.0"/>
  <testcase name="test4" classname="TriangleTest" time="0.0"/>
  <testcase name="test6" classname="TriangleTest" time="0.0"/>
  <system-out><![CDATA[]]></system-out>
  <system-err><![CDATA[]]></system-err>
</testsuite>
